<?xml version="1.0" encoding="UTF-8"?>
<testsuite name="JavaBuzzTest" tests="1" skipped="0" failures="0" errors="0" timestamp="2019-06-18T14:19:00" hostname="MGC000009717.warley.ford.com" time="0.005">
  <properties/>
  <testcase name="addsTwoNumbersTogether" classname="JavaBuzzTest" time="0.005"/>
  <system-out><![CDATA[]]></system-out>
  <system-err><![CDATA[]]></system-err>
</testsuite>
